{"C:\\Users\\JEONGBORAM-PC-W1\\WebstormProjects\\CareerBoxServer\\spec\\mainSpec.js":{"path":"C:\\Users\\JEONGBORAM-PC-W1\\WebstormProjects\\CareerBoxServer\\spec\\mainSpec.js","s":{},"b":{},"f":{},"fnMap":{},"statementMap":{},"branchMap":{}},"C:\\Users\\JEONGBORAM-PC-W1\\WebstormProjects\\CareerBoxServer\\spec\\sprint_0\\story1Spec.js":{"path":"C:\\Users\\JEONGBORAM-PC-W1\\WebstormProjects\\CareerBoxServer\\spec\\sprint_0\\story1Spec.js","s":{"1":1,"2":1,"3":1,"4":1,"5":1,"6":1,"7":1,"8":1,"9":1,"10":1,"11":3,"12":3,"13":3,"14":3,"15":1,"16":1,"17":1,"18":1,"19":0,"20":0,"21":0,"22":0,"23":0,"24":0,"25":0,"26":0,"27":0,"28":0,"29":0,"30":0,"31":0,"32":0,"33":1,"34":1,"35":1,"36":1,"37":1,"38":0,"39":0,"40":0,"41":0,"42":0,"43":0,"44":0,"45":0,"46":0,"47":0,"48":0,"49":1,"50":1,"51":1,"52":1,"53":1,"54":1,"55":1,"56":0,"57":0,"58":0,"59":0,"60":0,"61":0,"62":0,"63":0,"64":0,"65":0,"66":0,"67":0,"68":0,"69":0,"70":0,"71":0,"72":0,"73":0,"74":0,"75":0,"76":0,"77":0,"78":0,"79":0,"80":1,"81":2,"82":2,"83":2},"b":{"1":[0,0],"2":[0,0],"3":[0,0],"4":[2,0]},"f":{"1":1,"2":3,"3":1,"4":1,"5":0,"6":0,"7":0,"8":0,"9":0,"10":0,"11":0,"12":1,"13":1,"14":0,"15":0,"16":0,"17":0,"18":1,"19":1,"20":0,"21":0,"22":0,"23":0,"24":0,"25":0,"26":0,"27":0,"28":0,"29":0,"30":0,"31":0,"32":2},"fnMap":{"1":{"name":"(anonymous_1)","line":17,"loc":{"start":{"line":17,"column":29},"end":{"line":17,"column":41}}},"2":{"name":"(anonymous_2)","line":19,"loc":{"start":{"line":19,"column":15},"end":{"line":19,"column":27}}},"3":{"name":"(anonymous_3)","line":27,"loc":{"start":{"line":27,"column":28},"end":{"line":27,"column":44}}},"4":{"name":"(anonymous_4)","line":39,"loc":{"start":{"line":39,"column":12},"end":{"line":39,"column":38}}},"5":{"name":"(anonymous_5)","line":44,"loc":{"start":{"line":44,"column":24},"end":{"line":44,"column":44}}},"6":{"name":"(anonymous_6)","line":47,"loc":{"start":{"line":47,"column":24},"end":{"line":47,"column":48}}},"7":{"name":"(anonymous_7)","line":50,"loc":{"start":{"line":50,"column":24},"end":{"line":50,"column":56}}},"8":{"name":"(anonymous_8)","line":51,"loc":{"start":{"line":51,"column":73},"end":{"line":51,"column":96}}},"9":{"name":"(anonymous_9)","line":55,"loc":{"start":{"line":55,"column":24},"end":{"line":55,"column":68}}},"10":{"name":"(anonymous_10)","line":60,"loc":{"start":{"line":60,"column":24},"end":{"line":60,"column":56}}},"11":{"name":"checkErr","line":63,"loc":{"start":{"line":63,"column":23},"end":{"line":63,"column":46}}},"12":{"name":"(anonymous_12)","line":77,"loc":{"start":{"line":77,"column":34},"end":{"line":77,"column":50}}},"13":{"name":"(anonymous_13)","line":86,"loc":{"start":{"line":86,"column":16},"end":{"line":86,"column":36}}},"14":{"name":"(anonymous_14)","line":93,"loc":{"start":{"line":93,"column":16},"end":{"line":93,"column":47}}},"15":{"name":"(anonymous_15)","line":98,"loc":{"start":{"line":98,"column":16},"end":{"line":98,"column":36}}},"16":{"name":"(anonymous_16)","line":105,"loc":{"start":{"line":105,"column":16},"end":{"line":105,"column":47}}},"17":{"name":"(anonymous_17)","line":109,"loc":{"start":{"line":109,"column":15},"end":{"line":109,"column":30}}},"18":{"name":"(anonymous_18)","line":121,"loc":{"start":{"line":121,"column":41},"end":{"line":121,"column":57}}},"19":{"name":"(anonymous_19)","line":160,"loc":{"start":{"line":160,"column":16},"end":{"line":160,"column":36}}},"20":{"name":"(anonymous_20)","line":168,"loc":{"start":{"line":168,"column":16},"end":{"line":168,"column":47}}},"21":{"name":"(anonymous_21)","line":173,"loc":{"start":{"line":173,"column":16},"end":{"line":173,"column":36}}},"22":{"name":"(anonymous_22)","line":181,"loc":{"start":{"line":181,"column":16},"end":{"line":181,"column":47}}},"23":{"name":"(anonymous_23)","line":185,"loc":{"start":{"line":185,"column":16},"end":{"line":185,"column":36}}},"24":{"name":"(anonymous_24)","line":188,"loc":{"start":{"line":188,"column":16},"end":{"line":188,"column":40}}},"25":{"name":"(anonymous_25)","line":192,"loc":{"start":{"line":192,"column":16},"end":{"line":192,"column":48}}},"26":{"name":"(anonymous_26)","line":193,"loc":{"start":{"line":193,"column":60},"end":{"line":193,"column":83}}},"27":{"name":"(anonymous_27)","line":197,"loc":{"start":{"line":197,"column":16},"end":{"line":197,"column":60}}},"28":{"name":"(anonymous_28)","line":203,"loc":{"start":{"line":203,"column":16},"end":{"line":203,"column":36}}},"29":{"name":"(anonymous_29)","line":206,"loc":{"start":{"line":206,"column":16},"end":{"line":206,"column":48}}},"30":{"name":"(anonymous_30)","line":209,"loc":{"start":{"line":209,"column":16},"end":{"line":209,"column":47}}},"31":{"name":"(anonymous_31)","line":213,"loc":{"start":{"line":213,"column":15},"end":{"line":213,"column":30}}},"32":{"name":"(anonymous_32)","line":225,"loc":{"start":{"line":225,"column":14},"end":{"line":225,"column":26}}}},"statementMap":{"1":{"start":{"line":5,"column":0},"end":{"line":5,"column":20}},"2":{"start":{"line":7,"column":0},"end":{"line":7,"column":11}},"3":{"start":{"line":8,"column":0},"end":{"line":8,"column":41}},"4":{"start":{"line":9,"column":0},"end":{"line":9,"column":39}},"5":{"start":{"line":11,"column":0},"end":{"line":11,"column":33}},"6":{"start":{"line":12,"column":0},"end":{"line":12,"column":29}},"7":{"start":{"line":13,"column":0},"end":{"line":13,"column":43}},"8":{"start":{"line":15,"column":0},"end":{"line":15,"column":45}},"9":{"start":{"line":17,"column":0},"end":{"line":231,"column":3}},"10":{"start":{"line":19,"column":4},"end":{"line":25,"column":7}},"11":{"start":{"line":20,"column":8},"end":{"line":20,"column":45}},"12":{"start":{"line":22,"column":8},"end":{"line":22,"column":27}},"13":{"start":{"line":23,"column":8},"end":{"line":23,"column":26}},"14":{"start":{"line":24,"column":8},"end":{"line":24,"column":31}},"15":{"start":{"line":27,"column":4},"end":{"line":74,"column":7}},"16":{"start":{"line":29,"column":8},"end":{"line":32,"column":10}},"17":{"start":{"line":34,"column":8},"end":{"line":73,"column":15}},"18":{"start":{"line":40,"column":16},"end":{"line":40,"column":55}},"19":{"start":{"line":42,"column":16},"end":{"line":72,"column":17}},"20":{"start":{"line":43,"column":20},"end":{"line":67,"column":23}},"21":{"start":{"line":45,"column":28},"end":{"line":45,"column":62}},"22":{"start":{"line":48,"column":28},"end":{"line":48,"column":62}},"23":{"start":{"line":51,"column":28},"end":{"line":53,"column":31}},"24":{"start":{"line":52,"column":32},"end":{"line":52,"column":66}},"25":{"start":{"line":56,"column":28},"end":{"line":56,"column":78}},"26":{"start":{"line":57,"column":28},"end":{"line":57,"column":84}},"27":{"start":{"line":58,"column":28},"end":{"line":58,"column":55}},"28":{"start":{"line":61,"column":28},"end":{"line":61,"column":82}},"29":{"start":{"line":64,"column":24},"end":{"line":66,"column":25}},"30":{"start":{"line":65,"column":28},"end":{"line":65,"column":39}},"31":{"start":{"line":69,"column":20},"end":{"line":69,"column":43}},"32":{"start":{"line":71,"column":20},"end":{"line":71,"column":27}},"33":{"start":{"line":77,"column":4},"end":{"line":119,"column":7}},"34":{"start":{"line":79,"column":8},"end":{"line":82,"column":10}},"35":{"start":{"line":84,"column":8},"end":{"line":118,"column":9}},"36":{"start":{"line":85,"column":12},"end":{"line":114,"column":15}},"37":{"start":{"line":87,"column":20},"end":{"line":91,"column":33}},"38":{"start":{"line":94,"column":20},"end":{"line":94,"column":59}},"39":{"start":{"line":95,"column":20},"end":{"line":95,"column":82}},"40":{"start":{"line":96,"column":20},"end":{"line":96,"column":35}},"41":{"start":{"line":99,"column":20},"end":{"line":103,"column":33}},"42":{"start":{"line":106,"column":20},"end":{"line":106,"column":59}},"43":{"start":{"line":107,"column":20},"end":{"line":107,"column":35}},"44":{"start":{"line":110,"column":16},"end":{"line":112,"column":17}},"45":{"start":{"line":111,"column":20},"end":{"line":111,"column":30}},"46":{"start":{"line":113,"column":16},"end":{"line":113,"column":23}},"47":{"start":{"line":116,"column":12},"end":{"line":116,"column":35}},"48":{"start":{"line":117,"column":12},"end":{"line":117,"column":19}},"49":{"start":{"line":121,"column":4},"end":{"line":223,"column":7}},"50":{"start":{"line":122,"column":8},"end":{"line":122,"column":28}},"51":{"start":{"line":123,"column":8},"end":{"line":127,"column":10}},"52":{"start":{"line":129,"column":8},"end":{"line":156,"column":10}},"53":{"start":{"line":158,"column":8},"end":{"line":222,"column":9}},"54":{"start":{"line":159,"column":12},"end":{"line":218,"column":15}},"55":{"start":{"line":161,"column":20},"end":{"line":166,"column":33}},"56":{"start":{"line":169,"column":20},"end":{"line":169,"column":59}},"57":{"start":{"line":170,"column":20},"end":{"line":170,"column":82}},"58":{"start":{"line":171,"column":20},"end":{"line":171,"column":35}},"59":{"start":{"line":174,"column":20},"end":{"line":179,"column":33}},"60":{"start":{"line":182,"column":20},"end":{"line":182,"column":59}},"61":{"start":{"line":183,"column":20},"end":{"line":183,"column":35}},"62":{"start":{"line":186,"column":20},"end":{"line":186,"column":54}},"63":{"start":{"line":189,"column":20},"end":{"line":189,"column":34}},"64":{"start":{"line":190,"column":20},"end":{"line":190,"column":54}},"65":{"start":{"line":193,"column":20},"end":{"line":195,"column":23}},"66":{"start":{"line":194,"column":24},"end":{"line":194,"column":58}},"67":{"start":{"line":198,"column":20},"end":{"line":198,"column":65}},"68":{"start":{"line":199,"column":20},"end":{"line":199,"column":71}},"69":{"start":{"line":200,"column":20},"end":{"line":200,"column":74}},"70":{"start":{"line":201,"column":20},"end":{"line":201,"column":31}},"71":{"start":{"line":204,"column":20},"end":{"line":204,"column":59}},"72":{"start":{"line":207,"column":20},"end":{"line":207,"column":66}},"73":{"start":{"line":210,"column":20},"end":{"line":210,"column":73}},"74":{"start":{"line":211,"column":20},"end":{"line":211,"column":31}},"75":{"start":{"line":214,"column":16},"end":{"line":216,"column":17}},"76":{"start":{"line":215,"column":20},"end":{"line":215,"column":30}},"77":{"start":{"line":217,"column":16},"end":{"line":217,"column":23}},"78":{"start":{"line":220,"column":12},"end":{"line":220,"column":35}},"79":{"start":{"line":221,"column":12},"end":{"line":221,"column":19}},"80":{"start":{"line":225,"column":4},"end":{"line":230,"column":7}},"81":{"start":{"line":226,"column":8},"end":{"line":229,"column":9}},"82":{"start":{"line":227,"column":12},"end":{"line":227,"column":27}},"83":{"start":{"line":228,"column":12},"end":{"line":228,"column":26}}},"branchMap":{"1":{"line":64,"type":"if","locations":[{"start":{"line":64,"column":24},"end":{"line":64,"column":24}},{"start":{"line":64,"column":24},"end":{"line":64,"column":24}}]},"2":{"line":110,"type":"if","locations":[{"start":{"line":110,"column":16},"end":{"line":110,"column":16}},{"start":{"line":110,"column":16},"end":{"line":110,"column":16}}]},"3":{"line":214,"type":"if","locations":[{"start":{"line":214,"column":16},"end":{"line":214,"column":16}},{"start":{"line":214,"column":16},"end":{"line":214,"column":16}}]},"4":{"line":226,"type":"if","locations":[{"start":{"line":226,"column":8},"end":{"line":226,"column":8}},{"start":{"line":226,"column":8},"end":{"line":226,"column":8}}]}}},"C:\\Users\\JEONGBORAM-PC-W1\\WebstormProjects\\CareerBoxServer\\src\\member.js":{"path":"C:\\Users\\JEONGBORAM-PC-W1\\WebstormProjects\\CareerBoxServer\\src\\member.js","s":{"1":1,"2":1,"3":1,"4":1,"5":1,"6":3,"7":3,"8":3,"9":3,"10":3,"11":3,"12":1,"13":0,"14":0,"15":0,"16":0,"17":0,"18":0,"19":0,"20":0,"21":0,"22":0,"23":0,"24":0,"25":0,"26":0,"27":0,"28":0,"29":0,"30":0,"31":0,"32":0,"33":1,"34":0,"35":0,"36":0,"37":0,"38":0,"39":1,"40":0,"41":0,"42":0,"43":0,"44":0,"45":0,"46":0,"47":0,"48":0,"49":0,"50":0,"51":0,"52":0,"53":0,"54":0,"55":0,"56":0,"57":0,"58":0,"59":0,"60":0,"61":0,"62":0,"63":0,"64":0,"65":1,"66":0,"67":0,"68":0,"69":0,"70":0,"71":0,"72":0,"73":0,"74":1,"75":0,"76":0,"77":0,"78":0,"79":0,"80":0,"81":0,"82":0,"83":0,"84":0,"85":0,"86":0,"87":0,"88":1,"89":0,"90":0,"91":0,"92":0,"93":0,"94":0,"95":0,"96":0,"97":0},"b":{"1":[0,0],"2":[0,0],"3":[0,0],"4":[0,0],"5":[0,0],"6":[0,0],"7":[0,0],"8":[0,0],"9":[0,0],"10":[0,0],"11":[0,0]},"f":{"1":3,"2":0,"3":0,"4":0,"5":0,"6":0,"7":0,"8":0,"9":0,"10":0,"11":0,"12":0,"13":0,"14":0,"15":0,"16":0,"17":0,"18":0,"19":0,"20":0,"21":0,"22":0,"23":0,"24":0,"25":0,"26":0,"27":0,"28":0,"29":0},"fnMap":{"1":{"name":"(anonymous_1)","line":11,"loc":{"start":{"line":11,"column":21},"end":{"line":11,"column":39}}},"2":{"name":"join","line":21,"loc":{"start":{"line":21,"column":0},"end":{"line":21,"column":24}}},"3":{"name":"openDB","line":38,"loc":{"start":{"line":38,"column":12},"end":{"line":38,"column":38}}},"4":{"name":"openCollection","line":41,"loc":{"start":{"line":41,"column":12},"end":{"line":41,"column":50}}},"5":{"name":"(anonymous_5)","line":42,"loc":{"start":{"line":42,"column":40},"end":{"line":42,"column":67}}},"6":{"name":"insert","line":47,"loc":{"start":{"line":47,"column":12},"end":{"line":47,"column":57}}},"7":{"name":"(anonymous_7)","line":54,"loc":{"start":{"line":54,"column":55},"end":{"line":54,"column":70}}},"8":{"name":"sendResult","line":59,"loc":{"start":{"line":59,"column":11},"end":{"line":59,"column":44}}},"9":{"name":"isExist","line":73,"loc":{"start":{"line":73,"column":0},"end":{"line":73,"column":46}}},"10":{"name":"(anonymous_10)","line":78,"loc":{"start":{"line":78,"column":24},"end":{"line":78,"column":46}}},"11":{"name":"login","line":85,"loc":{"start":{"line":85,"column":0},"end":{"line":85,"column":25}}},"12":{"name":"openDB","line":90,"loc":{"start":{"line":90,"column":12},"end":{"line":90,"column":38}}},"13":{"name":"openCollection","line":93,"loc":{"start":{"line":93,"column":12},"end":{"line":93,"column":50}}},"14":{"name":"(anonymous_14)","line":94,"loc":{"start":{"line":94,"column":40},"end":{"line":94,"column":67}}},"15":{"name":"findOne","line":98,"loc":{"start":{"line":98,"column":12},"end":{"line":98,"column":51}}},"16":{"name":"doLogin","line":104,"loc":{"start":{"line":104,"column":12},"end":{"line":104,"column":47}}},"17":{"name":"sendResult","line":124,"loc":{"start":{"line":124,"column":11},"end":{"line":124,"column":44}}},"18":{"name":"logout","line":142,"loc":{"start":{"line":142,"column":0},"end":{"line":142,"column":26}}},"19":{"name":"list","line":159,"loc":{"start":{"line":159,"column":0},"end":{"line":159,"column":24}}},"20":{"name":"openDB","line":162,"loc":{"start":{"line":162,"column":12},"end":{"line":162,"column":38}}},"21":{"name":"openCollection","line":165,"loc":{"start":{"line":165,"column":12},"end":{"line":165,"column":50}}},"22":{"name":"find","line":168,"loc":{"start":{"line":168,"column":12},"end":{"line":168,"column":48}}},"23":{"name":"showResult","line":171,"loc":{"start":{"line":171,"column":12},"end":{"line":171,"column":48}}},"24":{"name":"result","line":181,"loc":{"start":{"line":181,"column":11},"end":{"line":181,"column":32}}},"25":{"name":"reset","line":193,"loc":{"start":{"line":193,"column":0},"end":{"line":193,"column":25}}},"26":{"name":"openDB","line":196,"loc":{"start":{"line":196,"column":12},"end":{"line":196,"column":38}}},"27":{"name":"openCollection","line":199,"loc":{"start":{"line":199,"column":12},"end":{"line":199,"column":50}}},"28":{"name":"reset","line":202,"loc":{"start":{"line":202,"column":12},"end":{"line":202,"column":49}}},"29":{"name":"result","line":205,"loc":{"start":{"line":205,"column":11},"end":{"line":205,"column":32}}}},"statementMap":{"1":{"start":{"line":5,"column":0},"end":{"line":5,"column":29}},"2":{"start":{"line":7,"column":0},"end":{"line":7,"column":33}},"3":{"start":{"line":8,"column":0},"end":{"line":8,"column":43}},"4":{"start":{"line":9,"column":0},"end":{"line":9,"column":19}},"5":{"start":{"line":11,"column":0},"end":{"line":19,"column":2}},"6":{"start":{"line":12,"column":4},"end":{"line":12,"column":38}},"7":{"start":{"line":13,"column":4},"end":{"line":13,"column":40}},"8":{"start":{"line":14,"column":4},"end":{"line":14,"column":41}},"9":{"start":{"line":16,"column":4},"end":{"line":16,"column":37}},"10":{"start":{"line":17,"column":4},"end":{"line":17,"column":39}},"11":{"start":{"line":18,"column":4},"end":{"line":18,"column":21}},"12":{"start":{"line":21,"column":0},"end":{"line":71,"column":1}},"13":{"start":{"line":22,"column":4},"end":{"line":25,"column":7}},"14":{"start":{"line":27,"column":4},"end":{"line":33,"column":5}},"15":{"start":{"line":28,"column":8},"end":{"line":30,"column":11}},"16":{"start":{"line":31,"column":8},"end":{"line":31,"column":60}},"17":{"start":{"line":32,"column":8},"end":{"line":32,"column":15}},"18":{"start":{"line":35,"column":4},"end":{"line":69,"column":5}},"19":{"start":{"line":37,"column":8},"end":{"line":66,"column":11}},"20":{"start":{"line":39,"column":16},"end":{"line":39,"column":51}},"21":{"start":{"line":42,"column":16},"end":{"line":44,"column":19}},"22":{"start":{"line":43,"column":20},"end":{"line":43,"column":63}},"23":{"start":{"line":48,"column":16},"end":{"line":48,"column":46}},"24":{"start":{"line":50,"column":16},"end":{"line":57,"column":17}},"25":{"start":{"line":51,"column":20},"end":{"line":51,"column":42}},"26":{"start":{"line":52,"column":20},"end":{"line":52,"column":43}},"27":{"start":{"line":54,"column":20},"end":{"line":56,"column":23}},"28":{"start":{"line":55,"column":24},"end":{"line":55,"column":46}},"29":{"start":{"line":60,"column":12},"end":{"line":62,"column":15}},"30":{"start":{"line":63,"column":12},"end":{"line":63,"column":39}},"31":{"start":{"line":65,"column":12},"end":{"line":65,"column":37}},"32":{"start":{"line":68,"column":8},"end":{"line":68,"column":33}},"33":{"start":{"line":73,"column":0},"end":{"line":83,"column":1}},"34":{"start":{"line":75,"column":4},"end":{"line":75,"column":49}},"35":{"start":{"line":76,"column":4},"end":{"line":76,"column":21}},"36":{"start":{"line":78,"column":4},"end":{"line":82,"column":7}},"37":{"start":{"line":79,"column":8},"end":{"line":79,"column":28}},"38":{"start":{"line":81,"column":8},"end":{"line":81,"column":42}},"39":{"start":{"line":85,"column":0},"end":{"line":140,"column":1}},"40":{"start":{"line":86,"column":4},"end":{"line":86,"column":30}},"41":{"start":{"line":88,"column":4},"end":{"line":139,"column":5}},"42":{"start":{"line":89,"column":8},"end":{"line":136,"column":11}},"43":{"start":{"line":91,"column":16},"end":{"line":91,"column":51}},"44":{"start":{"line":94,"column":16},"end":{"line":96,"column":19}},"45":{"start":{"line":95,"column":20},"end":{"line":95,"column":46}},"46":{"start":{"line":99,"column":16},"end":{"line":102,"column":29}},"47":{"start":{"line":105,"column":16},"end":{"line":105,"column":46}},"48":{"start":{"line":107,"column":16},"end":{"line":120,"column":17}},"49":{"start":{"line":108,"column":20},"end":{"line":108,"column":49}},"50":{"start":{"line":109,"column":20},"end":{"line":109,"column":45}},"51":{"start":{"line":110,"column":20},"end":{"line":110,"column":42}},"52":{"start":{"line":112,"column":20},"end":{"line":114,"column":21}},"53":{"start":{"line":113,"column":24},"end":{"line":113,"column":45}},"54":{"start":{"line":115,"column":20},"end":{"line":117,"column":21}},"55":{"start":{"line":116,"column":24},"end":{"line":116,"column":43}},"56":{"start":{"line":119,"column":20},"end":{"line":119,"column":42}},"57":{"start":{"line":122,"column":16},"end":{"line":122,"column":39}},"58":{"start":{"line":125,"column":12},"end":{"line":128,"column":13}},"59":{"start":{"line":126,"column":16},"end":{"line":126,"column":41}},"60":{"start":{"line":127,"column":16},"end":{"line":127,"column":23}},"61":{"start":{"line":130,"column":12},"end":{"line":132,"column":15}},"62":{"start":{"line":133,"column":12},"end":{"line":133,"column":39}},"63":{"start":{"line":135,"column":12},"end":{"line":135,"column":37}},"64":{"start":{"line":138,"column":8},"end":{"line":138,"column":33}},"65":{"start":{"line":142,"column":0},"end":{"line":157,"column":1}},"66":{"start":{"line":143,"column":4},"end":{"line":143,"column":30}},"67":{"start":{"line":145,"column":4},"end":{"line":147,"column":5}},"68":{"start":{"line":146,"column":8},"end":{"line":146,"column":29}},"69":{"start":{"line":148,"column":4},"end":{"line":150,"column":5}},"70":{"start":{"line":149,"column":8},"end":{"line":149,"column":27}},"71":{"start":{"line":152,"column":4},"end":{"line":154,"column":7}},"72":{"start":{"line":155,"column":4},"end":{"line":155,"column":34}},"73":{"start":{"line":156,"column":4},"end":{"line":156,"column":31}},"74":{"start":{"line":159,"column":0},"end":{"line":191,"column":1}},"75":{"start":{"line":160,"column":4},"end":{"line":190,"column":5}},"76":{"start":{"line":161,"column":8},"end":{"line":187,"column":11}},"77":{"start":{"line":163,"column":16},"end":{"line":163,"column":51}},"78":{"start":{"line":166,"column":16},"end":{"line":166,"column":50}},"79":{"start":{"line":169,"column":16},"end":{"line":169,"column":52}},"80":{"start":{"line":173,"column":16},"end":{"line":175,"column":19}},"81":{"start":{"line":176,"column":16},"end":{"line":176,"column":46}},"82":{"start":{"line":177,"column":16},"end":{"line":177,"column":43}},"83":{"start":{"line":179,"column":16},"end":{"line":179,"column":37}},"84":{"start":{"line":182,"column":12},"end":{"line":184,"column":13}},"85":{"start":{"line":183,"column":16},"end":{"line":183,"column":41}},"86":{"start":{"line":186,"column":12},"end":{"line":186,"column":37}},"87":{"start":{"line":189,"column":8},"end":{"line":189,"column":33}},"88":{"start":{"line":193,"column":0},"end":{"line":215,"column":1}},"89":{"start":{"line":194,"column":4},"end":{"line":214,"column":5}},"90":{"start":{"line":195,"column":8},"end":{"line":211,"column":11}},"91":{"start":{"line":197,"column":16},"end":{"line":197,"column":51}},"92":{"start":{"line":200,"column":16},"end":{"line":200,"column":50}},"93":{"start":{"line":203,"column":16},"end":{"line":203,"column":64}},"94":{"start":{"line":206,"column":12},"end":{"line":208,"column":13}},"95":{"start":{"line":207,"column":16},"end":{"line":207,"column":41}},"96":{"start":{"line":210,"column":12},"end":{"line":210,"column":22}},"97":{"start":{"line":213,"column":8},"end":{"line":213,"column":33}}},"branchMap":{"1":{"line":27,"type":"if","locations":[{"start":{"line":27,"column":4},"end":{"line":27,"column":4}},{"start":{"line":27,"column":4},"end":{"line":27,"column":4}}]},"2":{"line":27,"type":"binary-expr","locations":[{"start":{"line":27,"column":8},"end":{"line":27,"column":24}},{"start":{"line":27,"column":28},"end":{"line":27,"column":47}}]},"3":{"line":50,"type":"if","locations":[{"start":{"line":50,"column":16},"end":{"line":50,"column":16}},{"start":{"line":50,"column":16},"end":{"line":50,"column":16}}]},"4":{"line":107,"type":"if","locations":[{"start":{"line":107,"column":16},"end":{"line":107,"column":16}},{"start":{"line":107,"column":16},"end":{"line":107,"column":16}}]},"5":{"line":112,"type":"if","locations":[{"start":{"line":112,"column":20},"end":{"line":112,"column":20}},{"start":{"line":112,"column":20},"end":{"line":112,"column":20}}]},"6":{"line":115,"type":"if","locations":[{"start":{"line":115,"column":20},"end":{"line":115,"column":20}},{"start":{"line":115,"column":20},"end":{"line":115,"column":20}}]},"7":{"line":125,"type":"if","locations":[{"start":{"line":125,"column":12},"end":{"line":125,"column":12}},{"start":{"line":125,"column":12},"end":{"line":125,"column":12}}]},"8":{"line":145,"type":"if","locations":[{"start":{"line":145,"column":4},"end":{"line":145,"column":4}},{"start":{"line":145,"column":4},"end":{"line":145,"column":4}}]},"9":{"line":148,"type":"if","locations":[{"start":{"line":148,"column":4},"end":{"line":148,"column":4}},{"start":{"line":148,"column":4},"end":{"line":148,"column":4}}]},"10":{"line":182,"type":"if","locations":[{"start":{"line":182,"column":12},"end":{"line":182,"column":12}},{"start":{"line":182,"column":12},"end":{"line":182,"column":12}}]},"11":{"line":206,"type":"if","locations":[{"start":{"line":206,"column":12},"end":{"line":206,"column":12}},{"start":{"line":206,"column":12},"end":{"line":206,"column":12}}]}}},"C:\\Users\\JEONGBORAM-PC-W1\\WebstormProjects\\CareerBoxServer\\src\\result.js":{"path":"C:\\Users\\JEONGBORAM-PC-W1\\WebstormProjects\\CareerBoxServer\\src\\result.js","s":{"1":1,"2":0,"3":0,"4":1,"5":0,"6":0,"7":1,"8":0,"9":0,"10":0,"11":1},"b":{},"f":{"1":0,"2":0,"3":0},"fnMap":{"1":{"name":"Result","line":5,"loc":{"start":{"line":5,"column":13},"end":{"line":5,"column":36}}},"2":{"name":"setCode","line":10,"loc":{"start":{"line":10,"column":27},"end":{"line":10,"column":50}}},"3":{"name":"toString","line":16,"loc":{"start":{"line":16,"column":28},"end":{"line":16,"column":48}}}},"statementMap":{"1":{"start":{"line":5,"column":0},"end":{"line":8,"column":2}},"2":{"start":{"line":6,"column":1},"end":{"line":6,"column":25}},"3":{"start":{"line":7,"column":1},"end":{"line":7,"column":20}},"4":{"start":{"line":10,"column":0},"end":{"line":14,"column":2}},"5":{"start":{"line":11,"column":1},"end":{"line":11,"column":24}},"6":{"start":{"line":13,"column":4},"end":{"line":13,"column":16}},"7":{"start":{"line":16,"column":0},"end":{"line":25,"column":2}},"8":{"start":{"line":17,"column":1},"end":{"line":20,"column":3}},"9":{"start":{"line":22,"column":4},"end":{"line":22,"column":52}},"10":{"start":{"line":24,"column":1},"end":{"line":24,"column":29}},"11":{"start":{"line":27,"column":0},"end":{"line":27,"column":24}}},"branchMap":{}},"C:\\Users\\JEONGBORAM-PC-W1\\WebstormProjects\\CareerBoxServer\\src\\dao\\memberDao.js":{"path":"C:\\Users\\JEONGBORAM-PC-W1\\WebstormProjects\\CareerBoxServer\\src\\dao\\memberDao.js","s":{"1":1,"2":0,"3":0,"4":0,"5":0,"6":0,"7":0,"8":0,"9":0,"10":0,"11":0,"12":1},"b":{"1":[0,0],"2":[0,0],"3":[0,0],"4":[0,0]},"f":{"1":0},"fnMap":{"1":{"name":"memberDao","line":5,"loc":{"start":{"line":5,"column":16},"end":{"line":5,"column":41}}}},"statementMap":{"1":{"start":{"line":5,"column":0},"end":{"line":24,"column":2}},"2":{"start":{"line":6,"column":1},"end":{"line":6,"column":17}},"3":{"start":{"line":7,"column":1},"end":{"line":7,"column":17}},"4":{"start":{"line":8,"column":1},"end":{"line":8,"column":20}},"5":{"start":{"line":10,"column":1},"end":{"line":22,"column":2}},"6":{"start":{"line":11,"column":2},"end":{"line":13,"column":9}},"7":{"start":{"line":12,"column":12},"end":{"line":12,"column":32}},"8":{"start":{"line":15,"column":2},"end":{"line":17,"column":9}},"9":{"start":{"line":16,"column":12},"end":{"line":16,"column":36}},"10":{"start":{"line":19,"column":2},"end":{"line":21,"column":9}},"11":{"start":{"line":20,"column":12},"end":{"line":20,"column":42}},"12":{"start":{"line":26,"column":0},"end":{"line":26,"column":27}}},"branchMap":{"1":{"line":10,"type":"if","locations":[{"start":{"line":10,"column":1},"end":{"line":10,"column":1}},{"start":{"line":10,"column":1},"end":{"line":10,"column":1}}]},"2":{"line":11,"type":"if","locations":[{"start":{"line":11,"column":2},"end":{"line":11,"column":2}},{"start":{"line":11,"column":2},"end":{"line":11,"column":2}}]},"3":{"line":15,"type":"if","locations":[{"start":{"line":15,"column":2},"end":{"line":15,"column":2}},{"start":{"line":15,"column":2},"end":{"line":15,"column":2}}]},"4":{"line":19,"type":"if","locations":[{"start":{"line":19,"column":2},"end":{"line":19,"column":2}},{"start":{"line":19,"column":2},"end":{"line":19,"column":2}}]}}},"C:\\Users\\JEONGBORAM-PC-W1\\WebstormProjects\\CareerBoxServer\\src\\paper.js":{"path":"C:\\Users\\JEONGBORAM-PC-W1\\WebstormProjects\\CareerBoxServer\\src\\paper.js","s":{"1":1,"2":1,"3":1,"4":1,"5":1,"6":3,"7":3,"8":3,"9":1,"10":0,"11":0,"12":0,"13":0,"14":0,"15":0,"16":0,"17":0,"18":0,"19":0,"20":0,"21":0,"22":0,"23":0,"24":0,"25":0,"26":0,"27":0,"28":0,"29":0,"30":1,"31":0,"32":0,"33":1,"34":0,"35":0,"36":0,"37":0,"38":1,"39":0,"40":0,"41":0,"42":0,"43":0,"44":0,"45":0,"46":0,"47":1,"48":0,"49":0,"50":0,"51":0,"52":0,"53":0,"54":0,"55":0,"56":0,"57":0,"58":0,"59":0,"60":0,"61":0,"62":0,"63":0,"64":0,"65":0,"66":0,"67":0,"68":0,"69":0,"70":0,"71":0},"b":{"1":[0,0],"2":[0,0],"3":[0,0],"4":[0,0],"5":[0,0],"6":[0,0],"7":[0,0]},"f":{"1":3,"2":0,"3":0,"4":0,"5":0,"6":0,"7":0,"8":0,"9":0,"10":0,"11":0,"12":0,"13":0,"14":0,"15":0,"16":0,"17":0,"18":0},"fnMap":{"1":{"name":"(anonymous_1)","line":16,"loc":{"start":{"line":16,"column":21},"end":{"line":16,"column":39}}},"2":{"name":"save","line":26,"loc":{"start":{"line":26,"column":0},"end":{"line":26,"column":24}}},"3":{"name":"openDB","line":42,"loc":{"start":{"line":42,"column":12},"end":{"line":42,"column":38}}},"4":{"name":"openCollection","line":45,"loc":{"start":{"line":45,"column":12},"end":{"line":45,"column":50}}},"5":{"name":"(anonymous_5)","line":46,"loc":{"start":{"line":46,"column":39},"end":{"line":46,"column":66}}},"6":{"name":"doUpdate","line":52,"loc":{"start":{"line":52,"column":12},"end":{"line":52,"column":52}}},"7":{"name":"sendResult","line":55,"loc":{"start":{"line":55,"column":11},"end":{"line":55,"column":36}}},"8":{"name":"existCheck","line":71,"loc":{"start":{"line":71,"column":0},"end":{"line":71,"column":47}}},"9":{"name":"(anonymous_9)","line":72,"loc":{"start":{"line":72,"column":35},"end":{"line":72,"column":57}}},"10":{"name":"create","line":77,"loc":{"start":{"line":77,"column":0},"end":{"line":77,"column":50}}},"11":{"name":"(anonymous_11)","line":82,"loc":{"start":{"line":82,"column":11},"end":{"line":82,"column":26}}},"12":{"name":"update","line":90,"loc":{"start":{"line":90,"column":0},"end":{"line":90,"column":50}}},"13":{"name":"load","line":110,"loc":{"start":{"line":110,"column":0},"end":{"line":110,"column":24}}},"14":{"name":"openDB","line":126,"loc":{"start":{"line":126,"column":12},"end":{"line":126,"column":38}}},"15":{"name":"openCollection","line":129,"loc":{"start":{"line":129,"column":12},"end":{"line":129,"column":50}}},"16":{"name":"(anonymous_16)","line":130,"loc":{"start":{"line":130,"column":39},"end":{"line":130,"column":66}}},"17":{"name":"doLoad","line":135,"loc":{"start":{"line":135,"column":12},"end":{"line":135,"column":62}}},"18":{"name":"sendResult","line":148,"loc":{"start":{"line":148,"column":11},"end":{"line":148,"column":44}}}},"statementMap":{"1":{"start":{"line":6,"column":0},"end":{"line":6,"column":29}},"2":{"start":{"line":8,"column":0},"end":{"line":8,"column":33}},"3":{"start":{"line":9,"column":0},"end":{"line":9,"column":36}},"4":{"start":{"line":14,"column":0},"end":{"line":14,"column":19}},"5":{"start":{"line":16,"column":0},"end":{"line":24,"column":2}},"6":{"start":{"line":17,"column":4},"end":{"line":17,"column":32}},"7":{"start":{"line":18,"column":4},"end":{"line":18,"column":31}},"8":{"start":{"line":20,"column":4},"end":{"line":20,"column":21}},"9":{"start":{"line":26,"column":0},"end":{"line":69,"column":1}},"10":{"start":{"line":27,"column":4},"end":{"line":27,"column":30}},"11":{"start":{"line":28,"column":4},"end":{"line":28,"column":34}},"12":{"start":{"line":30,"column":4},"end":{"line":32,"column":7}},"13":{"start":{"line":34,"column":4},"end":{"line":38,"column":5}},"14":{"start":{"line":35,"column":8},"end":{"line":35,"column":30}},"15":{"start":{"line":36,"column":8},"end":{"line":36,"column":35}},"16":{"start":{"line":37,"column":8},"end":{"line":37,"column":15}},"17":{"start":{"line":40,"column":4},"end":{"line":68,"column":5}},"18":{"start":{"line":41,"column":8},"end":{"line":65,"column":11}},"19":{"start":{"line":43,"column":16},"end":{"line":43,"column":51}},"20":{"start":{"line":46,"column":16},"end":{"line":48,"column":19}},"21":{"start":{"line":47,"column":20},"end":{"line":47,"column":59}},"22":{"start":{"line":53,"column":16},"end":{"line":53,"column":74}},"23":{"start":{"line":56,"column":12},"end":{"line":59,"column":13}},"24":{"start":{"line":57,"column":16},"end":{"line":57,"column":41}},"25":{"start":{"line":58,"column":16},"end":{"line":58,"column":23}},"26":{"start":{"line":61,"column":12},"end":{"line":61,"column":42}},"27":{"start":{"line":62,"column":12},"end":{"line":62,"column":39}},"28":{"start":{"line":64,"column":12},"end":{"line":64,"column":37}},"29":{"start":{"line":67,"column":8},"end":{"line":67,"column":33}},"30":{"start":{"line":71,"column":0},"end":{"line":75,"column":1}},"31":{"start":{"line":72,"column":4},"end":{"line":74,"column":7}},"32":{"start":{"line":73,"column":8},"end":{"line":73,"column":46}},"33":{"start":{"line":77,"column":0},"end":{"line":88,"column":1}},"34":{"start":{"line":78,"column":1},"end":{"line":87,"column":2}},"35":{"start":{"line":79,"column":2},"end":{"line":84,"column":5}},"36":{"start":{"line":83,"column":3},"end":{"line":83,"column":29}},"37":{"start":{"line":86,"column":2},"end":{"line":86,"column":29}},"38":{"start":{"line":90,"column":0},"end":{"line":108,"column":1}},"39":{"start":{"line":92,"column":4},"end":{"line":92,"column":22}},"40":{"start":{"line":94,"column":4},"end":{"line":102,"column":5}},"41":{"start":{"line":95,"column":8},"end":{"line":95,"column":30}},"42":{"start":{"line":96,"column":8},"end":{"line":98,"column":9}},"43":{"start":{"line":97,"column":12},"end":{"line":97,"column":31}},"44":{"start":{"line":100,"column":8},"end":{"line":100,"column":38}},"45":{"start":{"line":101,"column":8},"end":{"line":101,"column":29}},"46":{"start":{"line":104,"column":4},"end":{"line":107,"column":18}},"47":{"start":{"line":110,"column":0},"end":{"line":161,"column":1}},"48":{"start":{"line":111,"column":4},"end":{"line":111,"column":30}},"49":{"start":{"line":112,"column":4},"end":{"line":112,"column":34}},"50":{"start":{"line":114,"column":4},"end":{"line":116,"column":7}},"51":{"start":{"line":118,"column":4},"end":{"line":122,"column":5}},"52":{"start":{"line":119,"column":8},"end":{"line":119,"column":30}},"53":{"start":{"line":120,"column":8},"end":{"line":120,"column":35}},"54":{"start":{"line":121,"column":8},"end":{"line":121,"column":15}},"55":{"start":{"line":124,"column":4},"end":{"line":160,"column":5}},"56":{"start":{"line":125,"column":8},"end":{"line":157,"column":11}},"57":{"start":{"line":127,"column":16},"end":{"line":127,"column":51}},"58":{"start":{"line":130,"column":16},"end":{"line":132,"column":19}},"59":{"start":{"line":131,"column":20},"end":{"line":131,"column":59}},"60":{"start":{"line":136,"column":16},"end":{"line":136,"column":46}},"61":{"start":{"line":138,"column":16},"end":{"line":138,"column":35}},"62":{"start":{"line":140,"column":16},"end":{"line":144,"column":17}},"63":{"start":{"line":141,"column":20},"end":{"line":143,"column":21}},"64":{"start":{"line":142,"column":24},"end":{"line":142,"column":61}},"65":{"start":{"line":146,"column":16},"end":{"line":146,"column":39}},"66":{"start":{"line":149,"column":12},"end":{"line":152,"column":13}},"67":{"start":{"line":150,"column":16},"end":{"line":150,"column":41}},"68":{"start":{"line":151,"column":16},"end":{"line":151,"column":23}},"69":{"start":{"line":154,"column":12},"end":{"line":154,"column":39}},"70":{"start":{"line":156,"column":12},"end":{"line":156,"column":37}},"71":{"start":{"line":159,"column":8},"end":{"line":159,"column":33}}},"branchMap":{"1":{"line":34,"type":"if","locations":[{"start":{"line":34,"column":4},"end":{"line":34,"column":4}},{"start":{"line":34,"column":4},"end":{"line":34,"column":4}}]},"2":{"line":56,"type":"if","locations":[{"start":{"line":56,"column":12},"end":{"line":56,"column":12}},{"start":{"line":56,"column":12},"end":{"line":56,"column":12}}]},"3":{"line":78,"type":"if","locations":[{"start":{"line":78,"column":1},"end":{"line":78,"column":1}},{"start":{"line":78,"column":1},"end":{"line":78,"column":1}}]},"4":{"line":96,"type":"if","locations":[{"start":{"line":96,"column":8},"end":{"line":96,"column":8}},{"start":{"line":96,"column":8},"end":{"line":96,"column":8}}]},"5":{"line":118,"type":"if","locations":[{"start":{"line":118,"column":4},"end":{"line":118,"column":4}},{"start":{"line":118,"column":4},"end":{"line":118,"column":4}}]},"6":{"line":140,"type":"if","locations":[{"start":{"line":140,"column":16},"end":{"line":140,"column":16}},{"start":{"line":140,"column":16},"end":{"line":140,"column":16}}]},"7":{"line":149,"type":"if","locations":[{"start":{"line":149,"column":12},"end":{"line":149,"column":12}},{"start":{"line":149,"column":12},"end":{"line":149,"column":12}}]}}},"C:\\Users\\JEONGBORAM-PC-W1\\WebstormProjects\\CareerBoxServer\\src\\util\\genID.js":{"path":"C:\\Users\\JEONGBORAM-PC-W1\\WebstormProjects\\CareerBoxServer\\src\\util\\genID.js","s":{"1":1,"2":1,"3":0,"4":0,"5":0,"6":0,"7":1},"b":{},"f":{"1":0},"fnMap":{"1":{"name":"genID","line":7,"loc":{"start":{"line":7,"column":0},"end":{"line":7,"column":17}}}},"statementMap":{"1":{"start":{"line":5,"column":0},"end":{"line":5,"column":32}},"2":{"start":{"line":7,"column":0},"end":{"line":13,"column":1}},"3":{"start":{"line":8,"column":4},"end":{"line":8,"column":26}},"4":{"start":{"line":9,"column":4},"end":{"line":9,"column":37}},"5":{"start":{"line":10,"column":4},"end":{"line":10,"column":31}},"6":{"start":{"line":12,"column":4},"end":{"line":12,"column":17}},"7":{"start":{"line":15,"column":0},"end":{"line":15,"column":23}}},"branchMap":{}},"C:\\Users\\JEONGBORAM-PC-W1\\WebstormProjects\\CareerBoxServer\\src\\server.js":{"path":"C:\\Users\\JEONGBORAM-PC-W1\\WebstormProjects\\CareerBoxServer\\src\\server.js","s":{"1":1,"2":1,"3":1,"4":1,"5":1,"6":1,"7":1,"8":1,"9":1,"10":1,"11":0,"12":0,"13":0,"14":0,"15":0,"16":0,"17":0,"18":0,"19":1,"20":0,"21":1,"22":1,"23":1,"24":1,"25":1,"26":1,"27":1,"28":1,"29":3,"30":3,"31":1,"32":2,"33":2,"34":2,"35":2,"36":1},"b":{"1":[0,0],"2":[2,0],"3":[2,0]},"f":{"1":0,"2":0,"3":3,"4":2},"fnMap":{"1":{"name":"allowCrossDomain","line":17,"loc":{"start":{"line":17,"column":0},"end":{"line":17,"column":42}}},"2":{"name":"(anonymous_2)","line":43,"loc":{"start":{"line":43,"column":24},"end":{"line":43,"column":39}}},"3":{"name":"(anonymous_3)","line":63,"loc":{"start":{"line":63,"column":12},"end":{"line":63,"column":28}}},"4":{"name":"(anonymous_4)","line":68,"loc":{"start":{"line":68,"column":12},"end":{"line":68,"column":24}}}},"statementMap":{"1":{"start":{"line":5,"column":0},"end":{"line":5,"column":27}},"2":{"start":{"line":6,"column":0},"end":{"line":6,"column":33}},"3":{"start":{"line":7,"column":0},"end":{"line":7,"column":31}},"4":{"start":{"line":8,"column":0},"end":{"line":8,"column":40}},"5":{"start":{"line":9,"column":0},"end":{"line":9,"column":44}},"6":{"start":{"line":10,"column":0},"end":{"line":10,"column":41}},"7":{"start":{"line":12,"column":0},"end":{"line":12,"column":37}},"8":{"start":{"line":14,"column":0},"end":{"line":14,"column":20}},"9":{"start":{"line":15,"column":0},"end":{"line":15,"column":18}},"10":{"start":{"line":17,"column":0},"end":{"line":41,"column":1}},"11":{"start":{"line":26,"column":4},"end":{"line":28,"column":6}},"12":{"start":{"line":30,"column":4},"end":{"line":40,"column":5}},"13":{"start":{"line":31,"column":8},"end":{"line":31,"column":61}},"14":{"start":{"line":32,"column":8},"end":{"line":32,"column":70}},"15":{"start":{"line":33,"column":8},"end":{"line":33,"column":82}},"16":{"start":{"line":34,"column":8},"end":{"line":34,"column":173}},"17":{"start":{"line":36,"column":8},"end":{"line":36,"column":15}},"18":{"start":{"line":39,"column":8},"end":{"line":39,"column":15}},"19":{"start":{"line":43,"column":0},"end":{"line":45,"column":3}},"20":{"start":{"line":44,"column":4},"end":{"line":44,"column":29}},"21":{"start":{"line":47,"column":0},"end":{"line":47,"column":30}},"22":{"start":{"line":49,"column":0},"end":{"line":49,"column":50}},"23":{"start":{"line":50,"column":0},"end":{"line":50,"column":27}},"24":{"start":{"line":51,"column":0},"end":{"line":51,"column":24}},"25":{"start":{"line":52,"column":0},"end":{"line":59,"column":4}},"26":{"start":{"line":60,"column":0},"end":{"line":60,"column":91}},"27":{"start":{"line":61,"column":0},"end":{"line":61,"column":26}},"28":{"start":{"line":63,"column":0},"end":{"line":66,"column":2}},"29":{"start":{"line":64,"column":4},"end":{"line":64,"column":49}},"30":{"start":{"line":65,"column":4},"end":{"line":65,"column":77}},"31":{"start":{"line":68,"column":0},"end":{"line":76,"column":2}},"32":{"start":{"line":69,"column":4},"end":{"line":71,"column":5}},"33":{"start":{"line":70,"column":8},"end":{"line":70,"column":23}},"34":{"start":{"line":73,"column":4},"end":{"line":75,"column":5}},"35":{"start":{"line":74,"column":8},"end":{"line":74,"column":30}},"36":{"start":{"line":78,"column":0},"end":{"line":78,"column":21}}},"branchMap":{"1":{"line":30,"type":"if","locations":[{"start":{"line":30,"column":4},"end":{"line":30,"column":4}},{"start":{"line":30,"column":4},"end":{"line":30,"column":4}}]},"2":{"line":69,"type":"if","locations":[{"start":{"line":69,"column":4},"end":{"line":69,"column":4}},{"start":{"line":69,"column":4},"end":{"line":69,"column":4}}]},"3":{"line":73,"type":"if","locations":[{"start":{"line":73,"column":4},"end":{"line":73,"column":4}},{"start":{"line":73,"column":4},"end":{"line":73,"column":4}}]}}},"C:\\Users\\JEONGBORAM-PC-W1\\WebstormProjects\\CareerBoxServer\\src\\DBHelper.js":{"path":"C:\\Users\\JEONGBORAM-PC-W1\\WebstormProjects\\CareerBoxServer\\src\\DBHelper.js","s":{"1":1,"2":1,"3":1,"4":1,"5":1,"6":0,"7":0,"8":0,"9":0,"10":0,"11":0,"12":0,"13":0,"14":1,"15":2,"16":0,"17":0,"18":1},"b":{"1":[0,0],"2":[0,2]},"f":{"1":1,"2":0,"3":0,"4":2},"fnMap":{"1":{"name":"DBHelper","line":5,"loc":{"start":{"line":5,"column":15},"end":{"line":5,"column":35}}},"2":{"name":"connect","line":12,"loc":{"start":{"line":12,"column":29},"end":{"line":12,"column":56}}},"3":{"name":"(anonymous_3)","line":20,"loc":{"start":{"line":20,"column":34},"end":{"line":20,"column":53}}},"4":{"name":"close","line":27,"loc":{"start":{"line":27,"column":27},"end":{"line":27,"column":44}}}},"statementMap":{"1":{"start":{"line":5,"column":0},"end":{"line":10,"column":2}},"2":{"start":{"line":7,"column":4},"end":{"line":7,"column":49}},"3":{"start":{"line":8,"column":4},"end":{"line":8,"column":19}},"4":{"start":{"line":9,"column":4},"end":{"line":9,"column":53}},"5":{"start":{"line":12,"column":0},"end":{"line":25,"column":2}},"6":{"start":{"line":13,"column":4},"end":{"line":16,"column":5}},"7":{"start":{"line":14,"column":8},"end":{"line":14,"column":32}},"8":{"start":{"line":15,"column":8},"end":{"line":15,"column":15}},"9":{"start":{"line":18,"column":4},"end":{"line":18,"column":20}},"10":{"start":{"line":20,"column":4},"end":{"line":24,"column":7}},"11":{"start":{"line":21,"column":8},"end":{"line":21,"column":45}},"12":{"start":{"line":22,"column":8},"end":{"line":22,"column":21}},"13":{"start":{"line":23,"column":8},"end":{"line":23,"column":26}},"14":{"start":{"line":27,"column":0},"end":{"line":32,"column":2}},"15":{"start":{"line":28,"column":4},"end":{"line":31,"column":5}},"16":{"start":{"line":29,"column":8},"end":{"line":29,"column":24}},"17":{"start":{"line":30,"column":8},"end":{"line":30,"column":23}},"18":{"start":{"line":34,"column":0},"end":{"line":34,"column":26}}},"branchMap":{"1":{"line":13,"type":"if","locations":[{"start":{"line":13,"column":4},"end":{"line":13,"column":4}},{"start":{"line":13,"column":4},"end":{"line":13,"column":4}}]},"2":{"line":28,"type":"if","locations":[{"start":{"line":28,"column":4},"end":{"line":28,"column":4}},{"start":{"line":28,"column":4},"end":{"line":28,"column":4}}]}}}}