TN:
SF:C:\Users\JEONGBORAM-PC-W1\WebstormProjects\CareerBoxServer\spec\mainSpec.js
FNF:0
FNH:0
LF:0
LH:0
BRF:0
BRH:0
end_of_record
TN:
SF:C:\Users\JEONGBORAM-PC-W1\WebstormProjects\CareerBoxServer\spec\sprint_0\story1Spec.js
FN:17,(anonymous_1)
FN:19,(anonymous_2)
FN:27,(anonymous_3)
FN:39,(anonymous_4)
FN:44,(anonymous_5)
FN:47,(anonymous_6)
FN:50,(anonymous_7)
FN:51,(anonymous_8)
FN:55,(anonymous_9)
FN:60,(anonymous_10)
FN:63,checkErr
FN:77,(anonymous_12)
FN:86,(anonymous_13)
FN:93,(anonymous_14)
FN:98,(anonymous_15)
FN:105,(anonymous_16)
FN:109,(anonymous_17)
FN:121,(anonymous_18)
FN:160,(anonymous_19)
FN:168,(anonymous_20)
FN:173,(anonymous_21)
FN:181,(anonymous_22)
FN:185,(anonymous_23)
FN:188,(anonymous_24)
FN:192,(anonymous_25)
FN:193,(anonymous_26)
FN:197,(anonymous_27)
FN:203,(anonymous_28)
FN:206,(anonymous_29)
FN:209,(anonymous_30)
FN:213,(anonymous_31)
FN:225,(anonymous_32)
FNF:32
FNH:9
FNDA:1,(anonymous_1)
FNDA:3,(anonymous_2)
FNDA:1,(anonymous_3)
FNDA:1,(anonymous_4)
FNDA:0,(anonymous_5)
FNDA:0,(anonymous_6)
FNDA:0,(anonymous_7)
FNDA:0,(anonymous_8)
FNDA:0,(anonymous_9)
FNDA:0,(anonymous_10)
FNDA:0,checkErr
FNDA:1,(anonymous_12)
FNDA:1,(anonymous_13)
FNDA:0,(anonymous_14)
FNDA:0,(anonymous_15)
FNDA:0,(anonymous_16)
FNDA:0,(anonymous_17)
FNDA:1,(anonymous_18)
FNDA:1,(anonymous_19)
FNDA:0,(anonymous_20)
FNDA:0,(anonymous_21)
FNDA:0,(anonymous_22)
FNDA:0,(anonymous_23)
FNDA:0,(anonymous_24)
FNDA:0,(anonymous_25)
FNDA:0,(anonymous_26)
FNDA:0,(anonymous_27)
FNDA:0,(anonymous_28)
FNDA:0,(anonymous_29)
FNDA:0,(anonymous_30)
FNDA:0,(anonymous_31)
FNDA:2,(anonymous_32)
DA:5,1
DA:7,1
DA:8,1
DA:9,1
DA:11,1
DA:12,1
DA:13,1
DA:15,1
DA:17,1
DA:19,1
DA:20,3
DA:22,3
DA:23,3
DA:24,3
DA:27,1
DA:29,1
DA:34,1
DA:40,1
DA:42,0
DA:43,0
DA:45,0
DA:48,0
DA:51,0
DA:52,0
DA:56,0
DA:57,0
DA:58,0
DA:61,0
DA:64,0
DA:65,0
DA:69,0
DA:71,0
DA:77,1
DA:79,1
DA:84,1
DA:85,1
DA:87,1
DA:94,0
DA:95,0
DA:96,0
DA:99,0
DA:106,0
DA:107,0
DA:110,0
DA:111,0
DA:113,0
DA:116,0
DA:117,0
DA:121,1
DA:122,1
DA:123,1
DA:129,1
DA:158,1
DA:159,1
DA:161,1
DA:169,0
DA:170,0
DA:171,0
DA:174,0
DA:182,0
DA:183,0
DA:186,0
DA:189,0
DA:190,0
DA:193,0
DA:194,0
DA:198,0
DA:199,0
DA:200,0
DA:201,0
DA:204,0
DA:207,0
DA:210,0
DA:211,0
DA:214,0
DA:215,0
DA:217,0
DA:220,0
DA:221,0
DA:225,1
DA:226,2
DA:227,2
DA:228,2
LF:83
LH:34
BRDA:64,1,0,0
BRDA:64,1,1,0
BRDA:110,2,0,0
BRDA:110,2,1,0
BRDA:214,3,0,0
BRDA:214,3,1,0
BRDA:226,4,0,2
BRDA:226,4,1,0
BRF:8
BRH:1
end_of_record
TN:
SF:C:\Users\JEONGBORAM-PC-W1\WebstormProjects\CareerBoxServer\src\member.js
FN:11,(anonymous_1)
FN:21,join
FN:38,openDB
FN:41,openCollection
FN:42,(anonymous_5)
FN:47,insert
FN:54,(anonymous_7)
FN:59,sendResult
FN:73,isExist
FN:78,(anonymous_10)
FN:85,login
FN:90,openDB
FN:93,openCollection
FN:94,(anonymous_14)
FN:98,findOne
FN:104,doLogin
FN:124,sendResult
FN:142,logout
FN:159,list
FN:162,openDB
FN:165,openCollection
FN:168,find
FN:171,showResult
FN:181,result
FN:193,reset
FN:196,openDB
FN:199,openCollection
FN:202,reset
FN:205,result
FNF:29
FNH:1
FNDA:3,(anonymous_1)
FNDA:0,join
FNDA:0,openDB
FNDA:0,openCollection
FNDA:0,(anonymous_5)
FNDA:0,insert
FNDA:0,(anonymous_7)
FNDA:0,sendResult
FNDA:0,isExist
FNDA:0,(anonymous_10)
FNDA:0,login
FNDA:0,openDB
FNDA:0,openCollection
FNDA:0,(anonymous_14)
FNDA:0,findOne
FNDA:0,doLogin
FNDA:0,sendResult
FNDA:0,logout
FNDA:0,list
FNDA:0,openDB
FNDA:0,openCollection
FNDA:0,find
FNDA:0,showResult
FNDA:0,result
FNDA:0,reset
FNDA:0,openDB
FNDA:0,openCollection
FNDA:0,reset
FNDA:0,result
DA:5,1
DA:7,1
DA:8,1
DA:9,1
DA:11,1
DA:12,3
DA:13,3
DA:14,3
DA:16,3
DA:17,3
DA:18,3
DA:21,1
DA:22,0
DA:27,0
DA:28,0
DA:31,0
DA:32,0
DA:35,0
DA:37,0
DA:39,0
DA:42,0
DA:43,0
DA:48,0
DA:50,0
DA:51,0
DA:52,0
DA:54,0
DA:55,0
DA:60,0
DA:63,0
DA:65,0
DA:68,0
DA:73,1
DA:75,0
DA:76,0
DA:78,0
DA:79,0
DA:81,0
DA:85,1
DA:86,0
DA:88,0
DA:89,0
DA:91,0
DA:94,0
DA:95,0
DA:99,0
DA:105,0
DA:107,0
DA:108,0
DA:109,0
DA:110,0
DA:112,0
DA:113,0
DA:115,0
DA:116,0
DA:119,0
DA:122,0
DA:125,0
DA:126,0
DA:127,0
DA:130,0
DA:133,0
DA:135,0
DA:138,0
DA:142,1
DA:143,0
DA:145,0
DA:146,0
DA:148,0
DA:149,0
DA:152,0
DA:155,0
DA:156,0
DA:159,1
DA:160,0
DA:161,0
DA:163,0
DA:166,0
DA:169,0
DA:173,0
DA:176,0
DA:177,0
DA:179,0
DA:182,0
DA:183,0
DA:186,0
DA:189,0
DA:193,1
DA:194,0
DA:195,0
DA:197,0
DA:200,0
DA:203,0
DA:206,0
DA:207,0
DA:210,0
DA:213,0
LF:97
LH:17
BRDA:27,1,0,0
BRDA:27,1,1,0
BRDA:27,2,0,0
BRDA:27,2,1,0
BRDA:50,3,0,0
BRDA:50,3,1,0
BRDA:107,4,0,0
BRDA:107,4,1,0
BRDA:112,5,0,0
BRDA:112,5,1,0
BRDA:115,6,0,0
BRDA:115,6,1,0
BRDA:125,7,0,0
BRDA:125,7,1,0
BRDA:145,8,0,0
BRDA:145,8,1,0
BRDA:148,9,0,0
BRDA:148,9,1,0
BRDA:182,10,0,0
BRDA:182,10,1,0
BRDA:206,11,0,0
BRDA:206,11,1,0
BRF:22
BRH:0
end_of_record
TN:
SF:C:\Users\JEONGBORAM-PC-W1\WebstormProjects\CareerBoxServer\src\result.js
FN:5,Result
FN:10,setCode
FN:16,toString
FNF:3
FNH:0
FNDA:0,Result
FNDA:0,setCode
FNDA:0,toString
DA:5,1
DA:6,0
DA:7,0
DA:10,1
DA:11,0
DA:13,0
DA:16,1
DA:17,0
DA:22,0
DA:24,0
DA:27,1
LF:11
LH:4
BRF:0
BRH:0
end_of_record
TN:
SF:C:\Users\JEONGBORAM-PC-W1\WebstormProjects\CareerBoxServer\src\dao\memberDao.js
FN:5,memberDao
FNF:1
FNH:0
FNDA:0,memberDao
DA:5,1
DA:6,0
DA:7,0
DA:8,0
DA:10,0
DA:11,0
DA:12,0
DA:15,0
DA:16,0
DA:19,0
DA:20,0
DA:26,1
LF:12
LH:2
BRDA:10,1,0,0
BRDA:10,1,1,0
BRDA:11,2,0,0
BRDA:11,2,1,0
BRDA:15,3,0,0
BRDA:15,3,1,0
BRDA:19,4,0,0
BRDA:19,4,1,0
BRF:8
BRH:0
end_of_record
TN:
SF:C:\Users\JEONGBORAM-PC-W1\WebstormProjects\CareerBoxServer\src\paper.js
FN:16,(anonymous_1)
FN:26,save
FN:42,openDB
FN:45,openCollection
FN:46,(anonymous_5)
FN:52,doUpdate
FN:55,sendResult
FN:71,existCheck
FN:72,(anonymous_9)
FN:77,create
FN:82,(anonymous_11)
FN:90,update
FN:110,load
FN:126,openDB
FN:129,openCollection
FN:130,(anonymous_16)
FN:135,doLoad
FN:148,sendResult
FNF:18
FNH:1
FNDA:3,(anonymous_1)
FNDA:0,save
FNDA:0,openDB
FNDA:0,openCollection
FNDA:0,(anonymous_5)
FNDA:0,doUpdate
FNDA:0,sendResult
FNDA:0,existCheck
FNDA:0,(anonymous_9)
FNDA:0,create
FNDA:0,(anonymous_11)
FNDA:0,update
FNDA:0,load
FNDA:0,openDB
FNDA:0,openCollection
FNDA:0,(anonymous_16)
FNDA:0,doLoad
FNDA:0,sendResult
DA:6,1
DA:8,1
DA:9,1
DA:14,1
DA:16,1
DA:17,3
DA:18,3
DA:20,3
DA:26,1
DA:27,0
DA:28,0
DA:30,0
DA:34,0
DA:35,0
DA:36,0
DA:37,0
DA:40,0
DA:41,0
DA:43,0
DA:46,0
DA:47,0
DA:53,0
DA:56,0
DA:57,0
DA:58,0
DA:61,0
DA:62,0
DA:64,0
DA:67,0
DA:71,1
DA:72,0
DA:73,0
DA:77,1
DA:78,0
DA:79,0
DA:83,0
DA:86,0
DA:90,1
DA:92,0
DA:94,0
DA:95,0
DA:96,0
DA:97,0
DA:100,0
DA:101,0
DA:104,0
DA:110,1
DA:111,0
DA:112,0
DA:114,0
DA:118,0
DA:119,0
DA:120,0
DA:121,0
DA:124,0
DA:125,0
DA:127,0
DA:130,0
DA:131,0
DA:136,0
DA:138,0
DA:140,0
DA:141,0
DA:142,0
DA:146,0
DA:149,0
DA:150,0
DA:151,0
DA:154,0
DA:156,0
DA:159,0
LF:71
LH:13
BRDA:34,1,0,0
BRDA:34,1,1,0
BRDA:56,2,0,0
BRDA:56,2,1,0
BRDA:78,3,0,0
BRDA:78,3,1,0
BRDA:96,4,0,0
BRDA:96,4,1,0
BRDA:118,5,0,0
BRDA:118,5,1,0
BRDA:140,6,0,0
BRDA:140,6,1,0
BRDA:149,7,0,0
BRDA:149,7,1,0
BRF:14
BRH:0
end_of_record
TN:
SF:C:\Users\JEONGBORAM-PC-W1\WebstormProjects\CareerBoxServer\src\util\genID.js
FN:7,genID
FNF:1
FNH:0
FNDA:0,genID
DA:5,1
DA:7,1
DA:8,0
DA:9,0
DA:10,0
DA:12,0
DA:15,1
LF:7
LH:3
BRF:0
BRH:0
end_of_record
TN:
SF:C:\Users\JEONGBORAM-PC-W1\WebstormProjects\CareerBoxServer\src\server.js
FN:17,allowCrossDomain
FN:43,(anonymous_2)
FN:63,(anonymous_3)
FN:68,(anonymous_4)
FNF:4
FNH:2
FNDA:0,allowCrossDomain
FNDA:0,(anonymous_2)
FNDA:3,(anonymous_3)
FNDA:2,(anonymous_4)
DA:5,1
DA:6,1
DA:7,1
DA:8,1
DA:9,1
DA:10,1
DA:12,1
DA:14,1
DA:15,1
DA:17,1
DA:26,0
DA:30,0
DA:31,0
DA:32,0
DA:33,0
DA:34,0
DA:36,0
DA:39,0
DA:43,1
DA:44,0
DA:47,1
DA:49,1
DA:50,1
DA:51,1
DA:52,1
DA:60,1
DA:61,1
DA:63,1
DA:64,3
DA:65,3
DA:68,1
DA:69,2
DA:70,2
DA:73,2
DA:74,2
DA:78,1
LF:36
LH:27
BRDA:30,1,0,0
BRDA:30,1,1,0
BRDA:69,2,0,2
BRDA:69,2,1,0
BRDA:73,3,0,2
BRDA:73,3,1,0
BRF:6
BRH:2
end_of_record
TN:
SF:C:\Users\JEONGBORAM-PC-W1\WebstormProjects\CareerBoxServer\src\DBHelper.js
FN:5,DBHelper
FN:12,connect
FN:20,(anonymous_3)
FN:27,close
FNF:4
FNH:2
FNDA:1,DBHelper
FNDA:0,connect
FNDA:0,(anonymous_3)
FNDA:2,close
DA:5,1
DA:7,1
DA:8,1
DA:9,1
DA:12,1
DA:13,0
DA:14,0
DA:15,0
DA:18,0
DA:20,0
DA:21,0
DA:22,0
DA:23,0
DA:27,1
DA:28,2
DA:29,0
DA:30,0
DA:34,1
LF:18
LH:8
BRDA:13,1,0,0
BRDA:13,1,1,0
BRDA:28,2,0,0
BRDA:28,2,1,2
BRF:4
BRH:1
end_of_record
